[0m12:18:51.015053 [debug] [MainThread]: Sending event: {'category': 'dbt', 'action': 'invocation', 'label': 'start', 'context': [<snowplow_tracker.self_describing_json.SelfDescribingJson object at 0x000002B27C419EE0>, <snowplow_tracker.self_describing_json.SelfDescribingJson object at 0x000002B27B9FDD30>, <snowplow_tracker.self_describing_json.SelfDescribingJson object at 0x000002B27C419D00>]}


============================== 12:18:51.022707 | 59349c47-0ee2-4991-b04b-b16d4fe4ef05 ==============================
[0m12:18:51.022707 [info ] [MainThread]: Running with dbt=1.11.2
[0m12:18:51.024823 [debug] [MainThread]: running dbt with arguments {'version_check': 'True', 'no_print': 'None', 'static_parser': 'True', 'warn_error_options': 'WarnErrorOptionsV2(error=[], warn=[], silence=[])', 'target_path': 'None', 'printer_width': '80', 'write_json': 'True', 'empty': 'None', 'log_cache_events': 'False', 'introspect': 'True', 'cache_selected_only': 'False', 'fail_fast': 'False', 'debug': 'False', 'log_format': 'default', 'partial_parse': 'True', 'send_anonymous_usage_stats': 'True', 'quiet': 'False', 'warn_error': 'None', 'profiles_dir': 'C:\\Users\\gamma\\.dbt', 'invocation_command': 'dbt init --skip-profile-setup airbnb', 'use_colors': 'True', 'indirect_selection': 'eager', 'use_experimental_parser': 'False', 'log_path': 'logs'}
[0m12:18:51.594994 [info ] [MainThread]: Creating dbt configuration folder at C:\Users\gamma\.dbt
[0m12:18:51.594994 [debug] [MainThread]: Starter project path: D:\DBTcourse\dbt-student-repo\.venv\Lib\site-packages\dbt\include\starter_project
[0m12:18:51.644963 [info ] [MainThread]: 
Your new dbt project "airbnb" was created!

For more information on how to configure the profiles.yml file,
please consult the dbt documentation here:

  https://docs.getdbt.com/docs/configure-your-profile

One more thing:

Need help? Don't hesitate to reach out to us via GitHub issues or on Slack:

  https://community.getdbt.com/

Happy modeling!

[0m12:18:51.645950 [debug] [MainThread]: Command `dbt init` succeeded at 12:18:51.645950 after 0.80 seconds
[0m12:18:51.645950 [debug] [MainThread]: Sending event: {'category': 'dbt', 'action': 'invocation', 'label': 'end', 'context': [<snowplow_tracker.self_describing_json.SelfDescribingJson object at 0x000002B27C3C2C30>, <snowplow_tracker.self_describing_json.SelfDescribingJson object at 0x000002B27B807020>, <snowplow_tracker.self_describing_json.SelfDescribingJson object at 0x000002B27BD17230>]}
[0m12:18:51.649912 [debug] [MainThread]: Flushing usage events
[0m12:18:52.809211 [debug] [MainThread]: An error was encountered while trying to flush usage events
[0m12:34:05.305620 [debug] [MainThread]: Sending event: {'category': 'dbt', 'action': 'invocation', 'label': 'start', 'context': [<snowplow_tracker.self_describing_json.SelfDescribingJson object at 0x000002280ABD5C70>, <snowplow_tracker.self_describing_json.SelfDescribingJson object at 0x000002280A706E10>, <snowplow_tracker.self_describing_json.SelfDescribingJson object at 0x000002280A707320>]}


============================== 12:34:05.324068 | 65eef16c-9258-4f6d-8b65-c071fb632d20 ==============================
[0m12:34:05.324068 [info ] [MainThread]: Running with dbt=1.11.2
[0m12:34:05.327664 [debug] [MainThread]: running dbt with arguments {'static_parser': 'True', 'no_print': 'None', 'version_check': 'True', 'warn_error_options': 'WarnErrorOptionsV2(error=[], warn=[], silence=[])', 'target_path': 'None', 'printer_width': '80', 'write_json': 'True', 'empty': 'None', 'log_cache_events': 'False', 'introspect': 'True', 'cache_selected_only': 'False', 'log_format': 'default', 'debug': 'False', 'fail_fast': 'False', 'profiles_dir': 'C:\\Users\\gamma\\.dbt', 'send_anonymous_usage_stats': 'True', 'quiet': 'False', 'warn_error': 'None', 'partial_parse': 'True', 'invocation_command': 'dbt debug', 'use_colors': 'True', 'indirect_selection': 'eager', 'use_experimental_parser': 'False', 'log_path': 'logs'}
[0m12:34:05.491563 [info ] [MainThread]: dbt version: 1.11.2
[0m12:34:05.492572 [info ] [MainThread]: python version: 3.12.6
[0m12:34:05.494081 [info ] [MainThread]: python path: D:\DBTcourse\dbt-student-repo\.venv\Scripts\python.exe
[0m12:34:05.495090 [info ] [MainThread]: os info: Windows-11-10.0.26100-SP0
[0m12:34:05.495090 [info ] [MainThread]: Using profiles dir at C:\Users\gamma\.dbt
[0m12:34:05.496088 [info ] [MainThread]: Using profiles.yml file at C:\Users\gamma\.dbt\profiles.yml
[0m12:34:05.497090 [info ] [MainThread]: Using dbt_project.yml file at D:\DBTcourse\dbt-student-repo\dbt_project.yml
[0m12:34:05.498091 [info ] [MainThread]: Configuration:
[0m12:34:05.499088 [info ] [MainThread]:   profiles.yml file [[31mERROR not found[0m]
[0m12:34:05.500189 [info ] [MainThread]:   dbt_project.yml file [[31mERROR not found[0m]
[0m12:34:05.500189 [info ] [MainThread]: Required dependencies:
[0m12:34:05.501188 [debug] [MainThread]: Executing "git --help"
[0m12:34:05.600373 [debug] [MainThread]: STDOUT: "b"usage: git [-v | --version] [-h | --help] [-C <path>] [-c <name>=<value>]\n           [--exec-path[=<path>]] [--html-path] [--man-path] [--info-path]\n           [-p | --paginate | -P | --no-pager] [--no-replace-objects] [--no-lazy-fetch]\n           [--no-optional-locks] [--no-advice] [--bare] [--git-dir=<path>]\n           [--work-tree=<path>] [--namespace=<name>] [--config-env=<name>=<envvar>]\n           <command> [<args>]\n\nThese are common Git commands used in various situations:\n\nstart a working area (see also: git help tutorial)\n   clone      Clone a repository into a new directory\n   init       Create an empty Git repository or reinitialize an existing one\n\nwork on the current change (see also: git help everyday)\n   add        Add file contents to the index\n   mv         Move or rename a file, a directory, or a symlink\n   restore    Restore working tree files\n   rm         Remove files from the working tree and from the index\n\nexamine the history and state (see also: git help revisions)\n   bisect     Use binary search to find the commit that introduced a bug\n   diff       Show changes between commits, commit and working tree, etc\n   grep       Print lines matching a pattern\n   log        Show commit logs\n   show       Show various types of objects\n   status     Show the working tree status\n\ngrow, mark and tweak your common history\n   backfill   Download missing objects in a partial clone\n   branch     List, create, or delete branches\n   commit     Record changes to the repository\n   merge      Join two or more development histories together\n   rebase     Reapply commits on top of another base tip\n   reset      Reset current HEAD to the specified state\n   switch     Switch branches\n   tag        Create, list, delete or verify a tag object signed with GPG\n\ncollaborate (see also: git help workflows)\n   fetch      Download objects and refs from another repository\n   pull       Fetch from and integrate with another repository or a local branch\n   push       Update remote refs along with associated objects\n\n'git help -a' and 'git help -g' list available subcommands and some\nconcept guides. See 'git help <command>' or 'git help <concept>'\nto read about a specific subcommand or concept.\nSee 'git help git' for an overview of the system.\n""
[0m12:34:05.601372 [debug] [MainThread]: STDERR: "b''"
[0m12:34:05.601372 [info ] [MainThread]:  - git [[32mOK found[0m]

[0m12:34:05.602389 [info ] [MainThread]: Connection test skipped since no profile was found
[0m12:34:05.602389 [info ] [MainThread]: [31m2 checks failed:[0m
[0m12:34:05.602389 [info ] [MainThread]: dbt looked for a profiles.yml file in C:\Users\gamma\.dbt\profiles.yml, but did
not find one. For more information on configuring your profile, consult the
documentation:

https://docs.getdbt.com/docs/configure-your-profile


[0m12:34:05.603912 [info ] [MainThread]: Project loading failed for the following reason:
 project path <D:\DBTcourse\dbt-student-repo\dbt_project.yml> not found

[0m12:34:05.604926 [debug] [MainThread]: Command `dbt debug` failed at 12:34:05.604926 after 0.65 seconds
[0m12:34:05.605947 [debug] [MainThread]: Sending event: {'category': 'dbt', 'action': 'invocation', 'label': 'end', 'context': [<snowplow_tracker.self_describing_json.SelfDescribingJson object at 0x000002280ABD5C70>, <snowplow_tracker.self_describing_json.SelfDescribingJson object at 0x000002280B1B8B30>, <snowplow_tracker.self_describing_json.SelfDescribingJson object at 0x000002280B1916D0>]}
[0m12:34:05.606935 [debug] [MainThread]: Flushing usage events
[0m12:34:07.364625 [debug] [MainThread]: An error was encountered while trying to flush usage events
